2022/02/19 11:24:51 [notice] 1#1: using the "epoll" event method
2022/02/19 11:24:51 [notice] 1#1: nginx/1.21.6
2022/02/19 11:24:51 [notice] 1#1: built by gcc 10.2.1 20210110 (Debian 10.2.1-6) 
2022/02/19 11:24:51 [notice] 1#1: OS: Linux 5.10.25-linuxkit
2022/02/19 11:24:51 [notice] 1#1: getrlimit(RLIMIT_NOFILE): 1048576:1048576
2022/02/19 11:24:51 [notice] 1#1: start worker processes
2022/02/19 11:24:51 [notice] 1#1: start worker process 32
2022/02/19 11:24:51 [notice] 1#1: start worker process 33
2022/02/19 11:24:51 [notice] 1#1: start worker process 34
2022/02/19 11:24:51 [notice] 1#1: start worker process 35
2022/02/19 11:26:43 [error] 32#32: *1 open() "/usr/share/nginx/html/favicon.ico" failed (2: No such file or directory), client: 172.17.0.1, server: localhost, request: "GET /favicon.ico HTTP/1.1", host: "localhost", referrer: "http://localhost/"
2022/02/19 11:39:48 [notice] 1#1: signal 3 (SIGQUIT) received, shutting down
2022/02/19 11:39:48 [notice] 32#32: gracefully shutting down
2022/02/19 11:39:48 [notice] 33#33: gracefully shutting down
2022/02/19 11:39:48 [notice] 33#33: exiting
2022/02/19 11:39:48 [notice] 35#35: gracefully shutting down
2022/02/19 11:39:48 [notice] 32#32: exiting
2022/02/19 11:39:48 [notice] 34#34: gracefully shutting down
2022/02/19 11:39:48 [notice] 35#35: exiting
2022/02/19 11:39:48 [notice] 34#34: exiting
2022/02/19 11:39:48 [notice] 32#32: exit
2022/02/19 11:39:48 [notice] 34#34: exit
2022/02/19 11:39:48 [notice] 35#35: exit
2022/02/19 11:39:48 [notice] 33#33: exit
2022/02/19 11:39:48 [notice] 1#1: signal 17 (SIGCHLD) received from 35
2022/02/19 11:39:48 [notice] 1#1: worker process 34 exited with code 0
2022/02/19 11:39:48 [notice] 1#1: worker process 35 exited with code 0
2022/02/19 11:39:48 [notice] 1#1: signal 29 (SIGIO) received
2022/02/19 11:39:48 [notice] 1#1: signal 17 (SIGCHLD) received from 34
2022/02/19 11:39:48 [notice] 1#1: signal 17 (SIGCHLD) received from 32
2022/02/19 11:39:48 [notice] 1#1: worker process 32 exited with code 0
2022/02/19 11:39:48 [notice] 1#1: worker process 33 exited with code 0
2022/02/19 11:39:48 [notice] 1#1: exit
2022/02/19 11:40:23 [notice] 1#1: using the "epoll" event method
2022/02/19 11:40:23 [notice] 1#1: nginx/1.21.6
2022/02/19 11:40:23 [notice] 1#1: built by gcc 10.2.1 20210110 (Debian 10.2.1-6) 
2022/02/19 11:40:23 [notice] 1#1: OS: Linux 5.10.25-linuxkit
2022/02/19 11:40:23 [notice] 1#1: getrlimit(RLIMIT_NOFILE): 1048576:1048576
2022/02/19 11:40:23 [notice] 1#1: start worker processes
2022/02/19 11:40:23 [notice] 1#1: start worker process 25
2022/02/19 11:40:23 [notice] 1#1: start worker process 26
2022/02/19 11:40:23 [notice] 1#1: start worker process 27
2022/02/19 11:40:23 [notice] 1#1: start worker process 28
2022/02/20 16:43:30 [notice] 26#26: signal 15 (SIGTERM) received, exiting
